\BOOKMARK [0][]{Contents.0}{\376\377\000T\000a\000b\000l\000e\000\040\000o\000f\000\040\000c\000o\000n\000t\000e\000n\000t\000s}{}% 1
\BOOKMARK [0][]{chapter*.3}{\376\377\000U\000v\000o\000d}{}% 2
\BOOKMARK [1][]{section.1.1}{\376\377\0001\000.\0001\000\040\000P\000r\000i\000m\000e\000r\000\040\000s\000k\000u\000p\000a\000\040\000p\000o\000d\000a\000t\000a\000k\000a}{chapter*.3}% 3
\BOOKMARK [1][]{section.1.2}{\376\377\0001\000.\0002\000\040\000P\000r\000o\000c\000e\000n\000a\000\040\000t\000a\001\015\000n\000o\000s\000t\000i\000\040\000m\000o\000d\000e\000l\000a}{chapter*.3}% 4
\BOOKMARK [1][]{section.1.3}{\376\377\0001\000.\0003\000\040\001\140\000t\000a\000\040\000p\000r\000e\000d\000s\000t\000a\000v\000l\000j\000a\000\040\000k\000l\000a\000s\000i\000f\000i\000k\000a\000c\000i\000o\000n\000i\000\040\000p\000r\000o\000b\000l\000e\000m\000?}{chapter*.3}% 5
\BOOKMARK [0][]{chapter*.4}{\376\377\000K\000l\000a\000s\000i\000f\000i\000k\000a\000c\000i\000j\000a}{}% 6
\BOOKMARK [1][]{section.2.1}{\376\377\0002\000.\0001\000\040\000S\000h\000o\000r\000t\000\040\000t\000i\000t\000l\000e}{chapter*.4}% 7
\BOOKMARK [0][]{chapter*.11}{\376\377\000A\000r\000h\000i\000t\000e\000k\000t\000u\000r\000a\000\040\000a\000p\000l\000i\000k\000a\000c\000i\000j\000e}{}% 8
\BOOKMARK [1][]{section.3.1}{\376\377\0003\000.\0001\000\040\000F\000i\000r\000s\000t\000\040\000s\000e\000c\000t\000i\000o\000n\000\040\000o\000f\000\040\000t\000h\000e\000\040\000t\000h\000i\000r\000d\000\040\000c\000h\000a\000p\000t\000e\000r}{chapter*.11}% 9
\BOOKMARK [2][]{subsection.3.1.1}{\376\377\0003\000.\0001\000.\0001\000\040\000F\000i\000r\000s\000t\000\040\000s\000u\000b\000s\000e\000c\000t\000i\000o\000n\000\040\000i\000n\000\040\000t\000h\000e\000\040\000f\000i\000r\000s\000t\000\040\000s\000e\000c\000t\000i\000o\000n}{section.3.1}% 10
\BOOKMARK [2][]{subsection.3.1.2}{\376\377\0003\000.\0001\000.\0002\000\040\000S\000e\000c\000o\000n\000d\000\040\000s\000u\000b\000s\000e\000c\000t\000i\000o\000n\000\040\000i\000n\000\040\000t\000h\000e\000\040\000f\000i\000r\000s\000t\000\040\000s\000e\000c\000t\000i\000o\000n}{section.3.1}% 11
\BOOKMARK [2][]{subsection.3.1.3}{\376\377\0003\000.\0001\000.\0003\000\040\000T\000h\000i\000r\000d\000\040\000s\000u\000b\000s\000e\000c\000t\000i\000o\000n\000\040\000i\000n\000\040\000t\000h\000e\000\040\000f\000i\000r\000s\000t\000\040\000s\000e\000c\000t\000i\000o\000n}{section.3.1}% 12
\BOOKMARK [1][]{section.3.2}{\376\377\0003\000.\0002\000\040\000S\000e\000c\000o\000n\000d\000\040\000s\000e\000c\000t\000i\000o\000n\000\040\000o\000f\000\040\000t\000h\000e\000\040\000t\000h\000i\000r\000d\000\040\000c\000h\000a\000p\000t\000e\000r}{chapter*.11}% 13
\BOOKMARK [1][]{section.3.3}{\376\377\0003\000.\0003\000\040\000T\000h\000e\000\040\000l\000a\000y\000o\000u\000t\000\040\000o\000f\000\040\000f\000o\000r\000m\000a\000l\000\040\000t\000a\000b\000l\000e\000s}{chapter*.11}% 14
\BOOKMARK [0][]{chapter*.18}{\376\377\000Z\000a\000k\000l\000j\000u\001\015\000a\000k}{}% 15
\BOOKMARK [1][]{section.4.1}{\376\377\0004\000.\0001\000\040\000F\000i\000r\000s\000t\000\040\000s\000e\000c\000t\000i\000o\000n\000\040\000o\000f\000\040\000t\000h\000e\000\040\000t\000h\000i\000r\000d\000\040\000c\000h\000a\000p\000t\000e\000r}{chapter*.18}% 16
\BOOKMARK [2][]{subsection.4.1.1}{\376\377\0004\000.\0001\000.\0001\000\040\000F\000i\000r\000s\000t\000\040\000s\000u\000b\000s\000e\000c\000t\000i\000o\000n\000\040\000i\000n\000\040\000t\000h\000e\000\040\000f\000i\000r\000s\000t\000\040\000s\000e\000c\000t\000i\000o\000n}{section.4.1}% 17
\BOOKMARK [2][]{subsection.4.1.2}{\376\377\0004\000.\0001\000.\0002\000\040\000S\000e\000c\000o\000n\000d\000\040\000s\000u\000b\000s\000e\000c\000t\000i\000o\000n\000\040\000i\000n\000\040\000t\000h\000e\000\040\000f\000i\000r\000s\000t\000\040\000s\000e\000c\000t\000i\000o\000n}{section.4.1}% 18
\BOOKMARK [2][]{subsection.4.1.3}{\376\377\0004\000.\0001\000.\0003\000\040\000T\000h\000i\000r\000d\000\040\000s\000u\000b\000s\000e\000c\000t\000i\000o\000n\000\040\000i\000n\000\040\000t\000h\000e\000\040\000f\000i\000r\000s\000t\000\040\000s\000e\000c\000t\000i\000o\000n}{section.4.1}% 19
\BOOKMARK [1][]{section.4.2}{\376\377\0004\000.\0002\000\040\000S\000e\000c\000o\000n\000d\000\040\000s\000e\000c\000t\000i\000o\000n\000\040\000o\000f\000\040\000t\000h\000e\000\040\000t\000h\000i\000r\000d\000\040\000c\000h\000a\000p\000t\000e\000r}{chapter*.18}% 20
\BOOKMARK [1][]{section.4.3}{\376\377\0004\000.\0003\000\040\000T\000h\000e\000\040\000l\000a\000y\000o\000u\000t\000\040\000o\000f\000\040\000f\000o\000r\000m\000a\000l\000\040\000t\000a\000b\000l\000e\000s}{chapter*.18}% 21
\BOOKMARK [0][]{Appendix.a.A}{\376\377\000A\000p\000p\000e\000n\000d\000i\000x\000\040\000A\000\040\000H\000o\000w\000\040\000t\000o\000\040\000i\000n\000s\000t\000a\000l\000l\000\040\000L\000a\000T\000e\000X}{}% 22
\BOOKMARK [0][]{Appendix.a.B}{\376\377\000A\000p\000p\000e\000n\000d\000i\000x\000\040\000B\000\040\000I\000n\000s\000t\000a\000l\000l\000i\000n\000g\000\040\000t\000h\000e\000\040\000C\000U\000E\000D\000\040\000c\000l\000a\000s\000s\000\040\000f\000i\000l\000e}{}% 23
